\BOOKMARK [1][-]{Doc-Start}{Abstract}{}% 1
\BOOKMARK [1][-]{section*.1}{Acknowledgements}{}% 2
\BOOKMARK [1][-]{Contents.1}{Contents}{}% 3
\BOOKMARK [1][-]{section*.4}{List of Tables}{}% 4
\BOOKMARK [1][-]{section*.6}{List of Figures}{}% 5
\BOOKMARK [0][-]{chapter.1}{1 Introduction}{}% 6
\BOOKMARK [0][-]{chapter.2}{2 Related Work}{}% 7
\BOOKMARK [1][-]{section.2.1}{2.1 Tables}{chapter.2}% 8
\BOOKMARK [1][-]{section.2.2}{2.2 Figures}{chapter.2}% 9
\BOOKMARK [0][-]{chapter.3}{3 Usage}{}% 10
\BOOKMARK [1][-]{section.3.1}{3.1 Options}{chapter.3}% 11
\BOOKMARK [0][-]{chapter.4}{4 Conclusion}{}% 12
\BOOKMARK [1][-]{section.4.1}{4.1 Future Work}{chapter.4}% 13
\BOOKMARK [0][-]{appendix.A}{A Implementation Details}{}% 14
\BOOKMARK [1][-]{section.A.1}{A.1 Switching Formats}{appendix.A}% 15
\BOOKMARK [1][-]{section.A.2}{A.2 Long Tables}{appendix.A}% 16
\BOOKMARK [1][-]{section.A.3}{A.3 Booktabs}{appendix.A}% 17
\BOOKMARK [1][-]{section.A.4}{A.4 Bibliography and Footnotes}{appendix.A}% 18
\BOOKMARK [1][-]{section.A.5}{A.5 Figures and Tables}{appendix.A}% 19
\BOOKMARK [0][-]{appendix.B}{B Printing and Binding}{}% 20
\BOOKMARK [1][-]{section.B.1}{B.1 Printing}{appendix.B}% 21
\BOOKMARK [1][-]{section.B.2}{B.2 Binding}{appendix.B}% 22
\BOOKMARK [0][-]{section*.8}{Bibliography}{}% 23
